<?xml version="1.0" encoding="UTF-8"?>
<testsuite xmlns:xsi="http://www.w3.org/2001/XMLSchema-instance" xsi:noNamespaceSchemaLocation="https://maven.apache.org/surefire/maven-surefire-plugin/xsd/surefire-test-report-3.0.xsd" version="3.0" name="com.anonymous.social.PostIntegrationTest" time="2.144" tests="1" errors="0" skipped="0" failures="0">
  <properties>
[...]
</properties>
  <testcase name="testCreateAndRetrievePost" classname="com.anonymous.social.PostIntegrationTest" time="0.32">
    <system-out><![CDATA[00:43:05.070 [main] INFO org.springframework.test.context.support.AnnotationConfigContextLoaderUtils -- Could not detect default configuration classes for test class [com.anonymous.social.PostIntegrationTest]: PostIntegrationTest does not declare any static, non-private, non-final, nested classes annotated with @Configuration.
00:43:05.114 [main] INFO org.springframework.boot.test.context.SpringBootTestContextBootstrapper -- Found @SpringBootConfiguration com.anonymous.social.SocialPlatformApplication for test class com.anonymous.social.PostIntegrationTest

  .   ____          _            __ _ _
 /\\ / ___'_ __ _ _(_)_ __  __ _ \ \ \ \
( ( )\___ | '_ | '_| | '_ \/ _` | \ \ \ \
 \\/  ___)| |_)| | | | | || (_| |  ) ) ) )
  '  |____| .__|_| |_|_| |_\__, | / / / /
 =========|_|==============|___/=/_/_/_/
&amp#27;[32m :: Spring Boot :: &amp#27;[39m              &amp#27;[2m (v3.2.0)&amp#27;[0;39m

&amp#27;[2m2025-12-25T00:43:05.232+05:30&amp#27;[0;39m &amp#27;[32m INFO&amp#27;[0;39m &amp#27;[35m44635&amp#27;[0;39m &amp#27;[2m---&amp#27;[0;39m &amp#27;[2m[           main]&amp#27;[0;39m &amp#27;[2m&amp#27;[0;39m&amp#27;[36mc.anonymous.social.PostIntegrationTest  &amp#27;[0;39m &amp#27;[2m:&amp#27;[0;39m Starting PostIntegrationTest using Java 24.0.2 with PID 44635 (started by vishwanathpented in /Users/vishwanathpented/Desktop/Project/ShadowTalk/backend)
&amp#27;[2m2025-12-25T00:43:05.232+05:30&amp#27;[0;39m &amp#27;[32m INFO&amp#27;[0;39m &amp#27;[35m44635&amp#27;[0;39m &amp#27;[2m---&amp#27;[0;39m &amp#27;[2m[           main]&amp#27;[0;39m &amp#27;[2m&amp#27;[0;39m&amp#27;[36mc.anonymous.social.PostIntegrationTest  &amp#27;[0;39m &amp#27;[2m:&amp#27;[0;39m No active profile set, falling back to 1 default profile: "default"
&amp#27;[2m2025-12-25T00:43:05.513+05:30&amp#27;[0;39m &amp#27;[32m INFO&amp#27;[0;39m &amp#27;[35m44635&amp#27;[0;39m &amp#27;[2m---&amp#27;[0;39m &amp#27;[2m[           main]&amp#27;[0;39m &amp#27;[2m&amp#27;[0;39m&amp#27;[36m.s.d.r.c.RepositoryConfigurationDelegate&amp#27;[0;39m &amp#27;[2m:&amp#27;[0;39m Bootstrapping Spring Data JPA repositories in DEFAULT mode.
&amp#27;[2m2025-12-25T00:43:05.536+05:30&amp#27;[0;39m &amp#27;[32m INFO&amp#27;[0;39m &amp#27;[35m44635&amp#27;[0;39m &amp#27;[2m---&amp#27;[0;39m &amp#27;[2m[           main]&amp#27;[0;39m &amp#27;[2m&amp#27;[0;39m&amp#27;[36m.s.d.r.c.RepositoryConfigurationDelegate&amp#27;[0;39m &amp#27;[2m:&amp#27;[0;39m Finished Spring Data repository scanning in 21 ms. Found 11 JPA repository interfaces.
&amp#27;[2m2025-12-25T00:43:05.692+05:30&amp#27;[0;39m &amp#27;[32m INFO&amp#27;[0;39m &amp#27;[35m44635&amp#27;[0;39m &amp#27;[2m---&amp#27;[0;39m &amp#27;[2m[           main]&amp#27;[0;39m &amp#27;[2m&amp#27;[0;39m&amp#27;[36mo.hibernate.jpa.internal.util.LogHelper &amp#27;[0;39m &amp#27;[2m:&amp#27;[0;39m HHH000204: Processing PersistenceUnitInfo [name: default]
&amp#27;[2m2025-12-25T00:43:05.710+05:30&amp#27;[0;39m &amp#27;[32m INFO&amp#27;[0;39m &amp#27;[35m44635&amp#27;[0;39m &amp#27;[2m---&amp#27;[0;39m &amp#27;[2m[           main]&amp#27;[0;39m &amp#27;[2m&amp#27;[0;39m&amp#27;[36morg.hibernate.Version                   &amp#27;[0;39m &amp#27;[2m:&amp#27;[0;39m HHH000412: Hibernate ORM core version 6.3.1.Final
&amp#27;[2m2025-12-25T00:43:05.719+05:30&amp#27;[0;39m &amp#27;[32m INFO&amp#27;[0;39m &amp#27;[35m44635&amp#27;[0;39m &amp#27;[2m---&amp#27;[0;39m &amp#27;[2m[           main]&amp#27;[0;39m &amp#27;[2m&amp#27;[0;39m&amp#27;[36mo.h.c.internal.RegionFactoryInitiator   &amp#27;[0;39m &amp#27;[2m:&amp#27;[0;39m HHH000026: Second-level cache disabled
&amp#27;[2m2025-12-25T00:43:05.792+05:30&amp#27;[0;39m &amp#27;[32m INFO&amp#27;[0;39m &amp#27;[35m44635&amp#27;[0;39m &amp#27;[2m---&amp#27;[0;39m &amp#27;[2m[           main]&amp#27;[0;39m &amp#27;[2m&amp#27;[0;39m&amp#27;[36mo.s.o.j.p.SpringPersistenceUnitInfo     &amp#27;[0;39m &amp#27;[2m:&amp#27;[0;39m No LoadTimeWeaver setup: ignoring JPA class transformer
&amp#27;[2m2025-12-25T00:43:05.816+05:30&amp#27;[0;39m &amp#27;[32m INFO&amp#27;[0;39m &amp#27;[35m44635&amp#27;[0;39m &amp#27;[2m---&amp#27;[0;39m &amp#27;[2m[           main]&amp#27;[0;39m &amp#27;[2m&amp#27;[0;39m&amp#27;[36mcom.zaxxer.hikari.HikariDataSource      &amp#27;[0;39m &amp#27;[2m:&amp#27;[0;39m HikariPool-1 - Starting...
&amp#27;[2m2025-12-25T00:43:05.879+05:30&amp#27;[0;39m &amp#27;[32m INFO&amp#27;[0;39m &amp#27;[35m44635&amp#27;[0;39m &amp#27;[2m---&amp#27;[0;39m &amp#27;[2m[           main]&amp#27;[0;39m &amp#27;[2m&amp#27;[0;39m&amp#27;[36mcom.zaxxer.hikari.pool.HikariPool       &amp#27;[0;39m &amp#27;[2m:&amp#27;[0;39m HikariPool-1 - Added connection com.mysql.cj.jdbc.ConnectionImpl@7534785a
&amp#27;[2m2025-12-25T00:43:05.879+05:30&amp#27;[0;39m &amp#27;[32m INFO&amp#27;[0;39m &amp#27;[35m44635&amp#27;[0;39m &amp#27;[2m---&amp#27;[0;39m &amp#27;[2m[           main]&amp#27;[0;39m &amp#27;[2m&amp#27;[0;39m&amp#27;[36mcom.zaxxer.hikari.HikariDataSource      &amp#27;[0;39m &amp#27;[2m:&amp#27;[0;39m HikariPool-1 - Start completed.
&amp#27;[2m2025-12-25T00:43:05.894+05:30&amp#27;[0;39m &amp#27;[33m WARN&amp#27;[0;39m &amp#27;[35m44635&amp#27;[0;39m &amp#27;[2m---&amp#27;[0;39m &amp#27;[2m[           main]&amp#27;[0;39m &amp#27;[2m&amp#27;[0;39m&amp#27;[36morg.hibernate.orm.deprecation           &amp#27;[0;39m &amp#27;[2m:&amp#27;[0;39m HHH90000025: MySQL8Dialect does not need to be specified explicitly using 'hibernate.dialect' (remove the property setting and it will be selected by default)
&amp#27;[2m2025-12-25T00:43:05.894+05:30&amp#27;[0;39m &amp#27;[33m WARN&amp#27;[0;39m &amp#27;[35m44635&amp#27;[0;39m &amp#27;[2m---&amp#27;[0;39m &amp#27;[2m[           main]&amp#27;[0;39m &amp#27;[2m&amp#27;[0;39m&amp#27;[36morg.hibernate.orm.deprecation           &amp#27;[0;39m &amp#27;[2m:&amp#27;[0;39m HHH90000026: MySQL8Dialect has been deprecated; use org.hibernate.dialect.MySQLDialect instead
&amp#27;[2m2025-12-25T00:43:06.243+05:30&amp#27;[0;39m &amp#27;[32m INFO&amp#27;[0;39m &amp#27;[35m44635&amp#27;[0;39m &amp#27;[2m---&amp#27;[0;39m &amp#27;[2m[           main]&amp#27;[0;39m &amp#27;[2m&amp#27;[0;39m&amp#27;[36mo.h.e.t.j.p.i.JtaPlatformInitiator      &amp#27;[0;39m &amp#27;[2m:&amp#27;[0;39m HHH000489: No JTA platform available (set 'hibernate.transaction.jta.platform' to enable JTA platform integration)
&amp#27;[2m2025-12-25T00:43:06.338+05:30&amp#27;[0;39m &amp#27;[32m INFO&amp#27;[0;39m &amp#27;[35m44635&amp#27;[0;39m &amp#27;[2m---&amp#27;[0;39m &amp#27;[2m[           main]&amp#27;[0;39m &amp#27;[2m&amp#27;[0;39m&amp#27;[36mj.LocalContainerEntityManagerFactoryBean&amp#27;[0;39m &amp#27;[2m:&amp#27;[0;39m Initialized JPA EntityManagerFactory for persistence unit 'default'
Hibernate: select bw1_0.id,bw1_0.word from banned_words bw1_0
&amp#27;[2m2025-12-25T00:43:06.648+05:30&amp#27;[0;39m &amp#27;[33m WARN&amp#27;[0;39m &amp#27;[35m44635&amp#27;[0;39m &amp#27;[2m---&amp#27;[0;39m &amp#27;[2m[           main]&amp#27;[0;39m &amp#27;[2m&amp#27;[0;39m&amp#27;[36mJpaBaseConfiguration$JpaWebConfiguration&amp#27;[0;39m &amp#27;[2m:&amp#27;[0;39m spring.jpa.open-in-view is enabled by default. Therefore, database queries may be performed during view rendering. Explicitly configure spring.jpa.open-in-view to disable this warning
&amp#27;[2m2025-12-25T00:43:06.729+05:30&amp#27;[0;39m &amp#27;[32m INFO&amp#27;[0;39m &amp#27;[35m44635&amp#27;[0;39m &amp#27;[2m---&amp#27;[0;39m &amp#27;[2m[           main]&amp#27;[0;39m &amp#27;[2m&amp#27;[0;39m&amp#27;[36mo.s.s.web.DefaultSecurityFilterChain    &amp#27;[0;39m &amp#27;[2m:&amp#27;[0;39m Will secure any request with [org.springframework.security.web.session.DisableEncodeUrlFilter@2a3c3a04, org.springframework.security.web.context.request.async.WebAsyncManagerIntegrationFilter@78ca8258, org.springframework.security.web.context.SecurityContextHolderFilter@4778c085, org.springframework.security.web.header.HeaderWriterFilter@14b0b7f9, org.springframework.web.filter.CorsFilter@4628f386, org.springframework.security.web.authentication.logout.LogoutFilter@7ceb7a60, com.anonymous.social.config.JwtAuthenticationFilter@3d8e1fa6, org.springframework.security.web.savedrequest.RequestCacheAwareFilter@20331c8e, org.springframework.security.web.servletapi.SecurityContextHolderAwareRequestFilter@1a13b5c1, org.springframework.security.web.authentication.AnonymousAuthenticationFilter@38224635, org.springframework.security.web.session.SessionManagementFilter@2e93f91d, org.springframework.security.web.access.ExceptionTranslationFilter@6c427386, org.springframework.security.web.access.intercept.AuthorizationFilter@366c9912]
&amp#27;[2m2025-12-25T00:43:06.829+05:30&amp#27;[0;39m &amp#27;[32m INFO&amp#27;[0;39m &amp#27;[35m44635&amp#27;[0;39m &amp#27;[2m---&amp#27;[0;39m &amp#27;[2m[           main]&amp#27;[0;39m &amp#27;[2m&amp#27;[0;39m&amp#27;[36mo.s.b.t.m.w.SpringBootMockServletContext&amp#27;[0;39m &amp#27;[2m:&amp#27;[0;39m Initializing Spring TestDispatcherServlet ''
&amp#27;[2m2025-12-25T00:43:06.829+05:30&amp#27;[0;39m &amp#27;[32m INFO&amp#27;[0;39m &amp#27;[35m44635&amp#27;[0;39m &amp#27;[2m---&amp#27;[0;39m &amp#27;[2m[           main]&amp#27;[0;39m &amp#27;[2m&amp#27;[0;39m&amp#27;[36mo.s.t.web.servlet.TestDispatcherServlet &amp#27;[0;39m &amp#27;[2m:&amp#27;[0;39m Initializing Servlet ''
&amp#27;[2m2025-12-25T00:43:06.829+05:30&amp#27;[0;39m &amp#27;[32m INFO&amp#27;[0;39m &amp#27;[35m44635&amp#27;[0;39m &amp#27;[2m---&amp#27;[0;39m &amp#27;[2m[           main]&amp#27;[0;39m &amp#27;[2m&amp#27;[0;39m&amp#27;[36mo.s.t.web.servlet.TestDispatcherServlet &amp#27;[0;39m &amp#27;[2m:&amp#27;[0;39m Completed initialization in 0 ms
&amp#27;[2m2025-12-25T00:43:06.834+05:30&amp#27;[0;39m &amp#27;[32m INFO&amp#27;[0;39m &amp#27;[35m44635&amp#27;[0;39m &amp#27;[2m---&amp#27;[0;39m &amp#27;[2m[           main]&amp#27;[0;39m &amp#27;[2m&amp#27;[0;39m&amp#27;[36mo.s.m.s.b.SimpleBrokerMessageHandler    &amp#27;[0;39m &amp#27;[2m:&amp#27;[0;39m Starting...
&amp#27;[2m2025-12-25T00:43:06.834+05:30&amp#27;[0;39m &amp#27;[32m INFO&amp#27;[0;39m &amp#27;[35m44635&amp#27;[0;39m &amp#27;[2m---&amp#27;[0;39m &amp#27;[2m[           main]&amp#27;[0;39m &amp#27;[2m&amp#27;[0;39m&amp#27;[36mo.s.m.s.b.SimpleBrokerMessageHandler    &amp#27;[0;39m &amp#27;[2m:&amp#27;[0;39m BrokerAvailabilityEvent[available=true, SimpleBrokerMessageHandler [org.springframework.messaging.simp.broker.DefaultSubscriptionRegistry@78977b59]]
&amp#27;[2m2025-12-25T00:43:06.835+05:30&amp#27;[0;39m &amp#27;[32m INFO&amp#27;[0;39m &amp#27;[35m44635&amp#27;[0;39m &amp#27;[2m---&amp#27;[0;39m &amp#27;[2m[           main]&amp#27;[0;39m &amp#27;[2m&amp#27;[0;39m&amp#27;[36mo.s.m.s.b.SimpleBrokerMessageHandler    &amp#27;[0;39m &amp#27;[2m:&amp#27;[0;39m Started.
&amp#27;[2m2025-12-25T00:43:06.837+05:30&amp#27;[0;39m &amp#27;[32m INFO&amp#27;[0;39m &amp#27;[35m44635&amp#27;[0;39m &amp#27;[2m---&amp#27;[0;39m &amp#27;[2m[           main]&amp#27;[0;39m &amp#27;[2m&amp#27;[0;39m&amp#27;[36mc.anonymous.social.PostIntegrationTest  &amp#27;[0;39m &amp#27;[2m:&amp#27;[0;39m Started PostIntegrationTest in 1.681 seconds (process running for 2.026)
Hibernate: select u1_0.id,u1_0.anonymous_name,u1_0.created_at,u1_0.email,u1_0.password from users u1_0 where u1_0.email=?
Hibernate: insert into users (anonymous_name,created_at,email,password) values (?,?,?,?)
TEST: Sending POST request to create post
&amp#27;[2m2025-12-25T00:43:07.102+05:30&amp#27;[0;39m &amp#27;[32m INFO&amp#27;[0;39m &amp#27;[35m44635&amp#27;[0;39m &amp#27;[2m---&amp#27;[0;39m &amp#27;[2m[           main]&amp#27;[0;39m &amp#27;[2m&amp#27;[0;39m&amp#27;[36mc.a.social.controller.PostController    &amp#27;[0;39m &amp#27;[2m:&amp#27;[0;39m Request received to create post for user: test@example.com
&amp#27;[2m2025-12-25T00:43:07.102+05:30&amp#27;[0;39m &amp#27;[32m INFO&amp#27;[0;39m &amp#27;[35m44635&amp#27;[0;39m &amp#27;[2m---&amp#27;[0;39m &amp#27;[2m[           main]&amp#27;[0;39m &amp#27;[2m&amp#27;[0;39m&amp#27;[36mc.anonymous.social.service.PostService  &amp#27;[0;39m &amp#27;[2m:&amp#27;[0;39m Creating post for user: test@example.com
Hibernate: select u1_0.id,u1_0.anonymous_name,u1_0.created_at,u1_0.email,u1_0.password from users u1_0 where u1_0.email=?
Hibernate: insert into posts (content,created_at,media_url,user_id) values (?,?,?,?)

MockHttpServletRequest:
      HTTP Method = POST
      Request URI = /api/posts
       Parameters = {}
          Headers = [Content-Type:"application/json;charset=UTF-8", Content-Length:"58"]
             Body = {"content": "Integration Test Post Content 1766603587083"}
    Session Attrs = {}

Handler:
             Type = com.anonymous.social.controller.PostController
           Method = com.anonymous.social.controller.PostController#createPost(Map, UserDetails)

Async:
    Async started = false
     Async result = null

Resolved Exception:
             Type = null

ModelAndView:
        View name = null
             View = null
            Model = null

FlashMap:
       Attributes = null

MockHttpServletResponse:
           Status = 200
    Error message = null
          Headers = [Vary:"Origin", "Access-Control-Request-Method", "Access-Control-Request-Headers", Content-Type:"application/json", X-Content-Type-Options:"nosniff", X-XSS-Protection:"0", Cache-Control:"no-cache, no-store, max-age=0, must-revalidate", Pragma:"no-cache", Expires:"0", X-Frame-Options:"DENY"]
     Content type = application/json
             Body = {"id":7,"user":{"id":15,"email":"test@example.com","anonymousName":"ShadowUser","createdAt":"2025-12-25T00:43:07.077312"},"content":"Integration Test Post Content 1766603587083","mediaUrl":null,"createdAt":"2025-12-25T00:43:07.107443","likes":null,"comments":null,"reposts":null}
    Forwarded URL = null
   Redirected URL = null
          Cookies = []
TEST: Sending GET request to retrieve posts
&amp#27;[2m2025-12-25T00:43:07.124+05:30&amp#27;[0;39m &amp#27;[32m INFO&amp#27;[0;39m &amp#27;[35m44635&amp#27;[0;39m &amp#27;[2m---&amp#27;[0;39m &amp#27;[2m[           main]&amp#27;[0;39m &amp#27;[2m&amp#27;[0;39m&amp#27;[36mc.a.social.controller.PostController    &amp#27;[0;39m &amp#27;[2m:&amp#27;[0;39m Request received to get all posts
Hibernate: select p1_0.id,p1_0.content,p1_0.created_at,p1_0.media_url,p1_0.user_id from posts p1_0 order by p1_0.created_at desc
Hibernate: select u1_0.id,u1_0.anonymous_name,u1_0.created_at,u1_0.email,u1_0.password from users u1_0 where u1_0.id=?
Hibernate: select u1_0.id,u1_0.anonymous_name,u1_0.created_at,u1_0.email,u1_0.password from users u1_0 where u1_0.id=?
Hibernate: select u1_0.id,u1_0.anonymous_name,u1_0.created_at,u1_0.email,u1_0.password from users u1_0 where u1_0.id=?
&amp#27;[2m2025-12-25T00:43:07.133+05:30&amp#27;[0;39m &amp#27;[32m INFO&amp#27;[0;39m &amp#27;[35m44635&amp#27;[0;39m &amp#27;[2m---&amp#27;[0;39m &amp#27;[2m[           main]&amp#27;[0;39m &amp#27;[2m&amp#27;[0;39m&amp#27;[36mc.anonymous.social.service.PostService  &amp#27;[0;39m &amp#27;[2m:&amp#27;[0;39m Retrieved 6 posts
Hibernate: select l1_0.post_id,l1_0.id,l1_0.user_id,u1_0.id,u1_0.anonymous_name,u1_0.created_at,u1_0.email,u1_0.password from likes l1_0 left join users u1_0 on u1_0.id=l1_0.user_id where l1_0.post_id=?
Hibernate: select c1_0.post_id,c1_0.id,c1_0.content,c1_0.created_at,c1_0.user_id,u1_0.id,u1_0.anonymous_name,u1_0.created_at,u1_0.email,u1_0.password from comments c1_0 left join users u1_0 on u1_0.id=c1_0.user_id where c1_0.post_id=?
Hibernate: select r1_0.post_id,r1_0.id,r1_0.user_id,u1_0.id,u1_0.anonymous_name,u1_0.created_at,u1_0.email,u1_0.password from reposts r1_0 left join users u1_0 on u1_0.id=r1_0.user_id where r1_0.post_id=?
Hibernate: select l1_0.post_id,l1_0.id,l1_0.user_id,u1_0.id,u1_0.anonymous_name,u1_0.created_at,u1_0.email,u1_0.password from likes l1_0 left join users u1_0 on u1_0.id=l1_0.user_id where l1_0.post_id=?
Hibernate: select c1_0.post_id,c1_0.id,c1_0.content,c1_0.created_at,c1_0.user_id,u1_0.id,u1_0.anonymous_name,u1_0.created_at,u1_0.email,u1_0.password from comments c1_0 left join users u1_0 on u1_0.id=c1_0.user_id where c1_0.post_id=?
Hibernate: select r1_0.post_id,r1_0.id,r1_0.user_id,u1_0.id,u1_0.anonymous_name,u1_0.created_at,u1_0.email,u1_0.password from reposts r1_0 left join users u1_0 on u1_0.id=r1_0.user_id where r1_0.post_id=?
Hibernate: select l1_0.post_id,l1_0.id,l1_0.user_id,u1_0.id,u1_0.anonymous_name,u1_0.created_at,u1_0.email,u1_0.password from likes l1_0 left join users u1_0 on u1_0.id=l1_0.user_id where l1_0.post_id=?
Hibernate: select c1_0.post_id,c1_0.id,c1_0.content,c1_0.created_at,c1_0.user_id,u1_0.id,u1_0.anonymous_name,u1_0.created_at,u1_0.email,u1_0.password from comments c1_0 left join users u1_0 on u1_0.id=c1_0.user_id where c1_0.post_id=?
Hibernate: select r1_0.post_id,r1_0.id,r1_0.user_id,u1_0.id,u1_0.anonymous_name,u1_0.created_at,u1_0.email,u1_0.password from reposts r1_0 left join users u1_0 on u1_0.id=r1_0.user_id where r1_0.post_id=?
Hibernate: select l1_0.post_id,l1_0.id,l1_0.user_id,u1_0.id,u1_0.anonymous_name,u1_0.created_at,u1_0.email,u1_0.password from likes l1_0 left join users u1_0 on u1_0.id=l1_0.user_id where l1_0.post_id=?
Hibernate: select c1_0.post_id,c1_0.id,c1_0.content,c1_0.created_at,c1_0.user_id,u1_0.id,u1_0.anonymous_name,u1_0.created_at,u1_0.email,u1_0.password from comments c1_0 left join users u1_0 on u1_0.id=c1_0.user_id where c1_0.post_id=?
Hibernate: select r1_0.post_id,r1_0.id,r1_0.user_id,u1_0.id,u1_0.anonymous_name,u1_0.created_at,u1_0.email,u1_0.password from reposts r1_0 left join users u1_0 on u1_0.id=r1_0.user_id where r1_0.post_id=?
Hibernate: select l1_0.post_id,l1_0.id,l1_0.user_id,u1_0.id,u1_0.anonymous_name,u1_0.created_at,u1_0.email,u1_0.password from likes l1_0 left join users u1_0 on u1_0.id=l1_0.user_id where l1_0.post_id=?
Hibernate: select c1_0.post_id,c1_0.id,c1_0.content,c1_0.created_at,c1_0.user_id,u1_0.id,u1_0.anonymous_name,u1_0.created_at,u1_0.email,u1_0.password from comments c1_0 left join users u1_0 on u1_0.id=c1_0.user_id where c1_0.post_id=?
Hibernate: select r1_0.post_id,r1_0.id,r1_0.user_id,u1_0.id,u1_0.anonymous_name,u1_0.created_at,u1_0.email,u1_0.password from reposts r1_0 left join users u1_0 on u1_0.id=r1_0.user_id where r1_0.post_id=?

MockHttpServletRequest:
      HTTP Method = GET
      Request URI = /api/posts
       Parameters = {}
          Headers = []
             Body = null
    Session Attrs = {}

Handler:
             Type = com.anonymous.social.controller.PostController
           Method = com.anonymous.social.controller.PostController#getAllPosts()

Async:
    Async started = false
     Async result = null

Resolved Exception:
             Type = null

ModelAndView:
        View name = null
             View = null
            Model = null

FlashMap:
       Attributes = null

MockHttpServletResponse:
           Status = 200
    Error message = null
          Headers = [Vary:"Origin", "Access-Control-Request-Method", "Access-Control-Request-Headers", Content-Type:"application/json", X-Content-Type-Options:"nosniff", X-XSS-Protection:"0", Cache-Control:"no-cache, no-store, max-age=0, must-revalidate", Pragma:"no-cache", Expires:"0", X-Frame-Options:"DENY"]
     Content type = application/json
             Body = [{"id":7,"user":{"id":15,"email":"test@example.com","anonymousName":"ShadowUser","createdAt":"2025-12-25T00:43:07.077312"},"content":"Integration Test Post Content 1766603587083","mediaUrl":null,"createdAt":"2025-12-25T00:43:07.107443","likes":null,"comments":null,"reposts":null},{"id":5,"user":{"id":12,"email":"kashi@gmail.com","anonymousName":"Unknown-Falcon-2797","createdAt":"2025-12-25T00:00:45.55795"},"content":"hi\n","mediaUrl":null,"createdAt":"2025-12-25T00:37:17.034581","likes":[],"comments":[],"reposts":[]},{"id":4,"user":{"id":12,"email":"kashi@gmail.com","anonymousName":"Unknown-Falcon-2797","createdAt":"2025-12-25T00:00:45.55795"},"content":"hi\n","mediaUrl":null,"createdAt":"2025-12-25T00:00:50.428987","likes":[],"comments":[],"reposts":[]},{"id":3,"user":{"id":1,"email":"vishu@gmail.com","anonymousName":"White-Talker-5083","createdAt":"2025-12-19T02:53:25.764382"},"content":"hi, myself raju","mediaUrl":null,"createdAt":"2025-12-19T03:18:32.858542","likes":[],"comments":[],"reposts":[]},{"id":2,"user":{"id":2,"email":"raju@gmail.com","anonymousName":"Dark-Falcon-1622","createdAt":"2025-12-19T02:54:09.740774"},"content":"Hi\n","mediaUrl":null,"createdAt":"2025-12-19T02:54:50.637172","likes":[],"comments":[],"reposts":[]},{"id":1,"user":{"id":1,"email":"vishu@gmail.com","anonymousName":"White-Talker-5083","createdAt":"2025-12-19T02:53:25.764382"},"content":"Hi, This is Vishwa","mediaUrl":null,"createdAt":"2025-12-19T02:54:26.90878","likes":[{"id":1,"user":{"id":2,"email":"raju@gmail.com","anonymousName":"Dark-Falcon-1622","createdAt":"2025-12-19T02:54:09.740774"}}],"comments":[],"reposts":[]}]
    Forwarded URL = null
   Redirected URL = null
          Cookies = []
]]></system-out>
    <system-err><![CDATA[WARNING: A Java agent has been loaded dynamically (/Users/vishwanathpented/.m2/repository/net/bytebuddy/byte-buddy-agent/1.14.10/byte-buddy-agent-1.14.10.jar)
WARNING: If a serviceability tool is in use, please run with -XX:+EnableDynamicAgentLoading to hide this warning
WARNING: If a serviceability tool is not in use, please run with -Djdk.instrument.traceUsage for more information
WARNING: Dynamic loading of agents will be disallowed by default in a future release
]]></system-err>
  </testcase>
</testsuite>